<?xml version="1.0" encoding="UTF-8"?>
<testsuites name="jest tests" tests="63" failures="0" errors="0" time="4.334">
  <testsuite name="MetadataMaker" errors="0" failures="0" skipped="0" timestamp="2024-11-02T15:38:29" time="3.227" tests="5">
    <testcase classname="MetadataMaker makeMetadataFromQuery should return the correct metadata" name="MetadataMaker makeMetadataFromQuery should return the correct metadata" time="0.008">
    </testcase>
    <testcase classname="MetadataMaker makeLinks should return the correct links" name="MetadataMaker makeLinks should return the correct links" time="0">
    </testcase>
    <testcase classname="MetadataMaker makeLinks should handle URLs without page query parameter" name="MetadataMaker makeLinks should handle URLs without page query parameter" time="0.001">
    </testcase>
    <testcase classname="MetadataMaker makePagination should return the correct pagination" name="MetadataMaker makePagination should return the correct pagination" time="0">
    </testcase>
    <testcase classname="MetadataMaker makePagination should return the correct pagination when returnFullCount is false" name="MetadataMaker makePagination should return the correct pagination when returnFullCount is false" time="0.001">
    </testcase>
  </testsuite>
  <testsuite name="MyNumber" errors="0" failures="0" skipped="0" timestamp="2024-11-02T15:38:29" time="3.491" tests="3">
    <testcase classname="MyNumber should pass validation when maximum is greater than minimum" name="MyNumber should pass validation when maximum is greater than minimum" time="0.008">
    </testcase>
    <testcase classname="MyNumber should fail validation when maximum is less than minimum" name="MyNumber should fail validation when maximum is less than minimum" time="0.001">
    </testcase>
    <testcase classname="MyNumber should fail validation when maximum is equal to minimum" name="MyNumber should fail validation when maximum is equal to minimum" time="0.001">
    </testcase>
  </testsuite>
  <testsuite name="AppController" errors="0" failures="0" skipped="0" timestamp="2024-11-02T15:38:29" time="3.521" tests="1">
    <testcase classname="AppController root should return &quot;Hello World!&quot;" name="AppController root should return &quot;Hello World!&quot;" time="0.011">
    </testcase>
  </testsuite>
  <testsuite name="PostgresExceptionFilter" errors="0" failures="0" skipped="0" timestamp="2024-11-02T15:38:29" time="3.532" tests="8">
    <testcase classname="PostgresExceptionFilter should handle PostgresError with code 23505" name="PostgresExceptionFilter should handle PostgresError with code 23505" time="0.016">
    </testcase>
    <testcase classname="PostgresExceptionFilter should handle PostgresError with code 23503" name="PostgresExceptionFilter should handle PostgresError with code 23503" time="0.002">
    </testcase>
    <testcase classname="PostgresExceptionFilter should handle PostgresError with code 42P01" name="PostgresExceptionFilter should handle PostgresError with code 42P01" time="0.001">
    </testcase>
    <testcase classname="PostgresExceptionFilter should handle PostgresError with code 42703" name="PostgresExceptionFilter should handle PostgresError with code 42703" time="0.002">
    </testcase>
    <testcase classname="PostgresExceptionFilter should handle PostgresError with code 08006" name="PostgresExceptionFilter should handle PostgresError with code 08006" time="0.001">
    </testcase>
    <testcase classname="PostgresExceptionFilter should handle PostgresError with code 53300" name="PostgresExceptionFilter should handle PostgresError with code 53300" time="0.001">
    </testcase>
    <testcase classname="PostgresExceptionFilter should handle PostgresError with code 57014" name="PostgresExceptionFilter should handle PostgresError with code 57014" time="0.001">
    </testcase>
    <testcase classname="PostgresExceptionFilter should handle unknown PostgresError code" name="PostgresExceptionFilter should handle unknown PostgresError code" time="0.001">
    </testcase>
  </testsuite>
  <testsuite name="MyDateRange" errors="0" failures="0" skipped="0" timestamp="2024-11-02T15:38:29" time="3.573" tests="2">
    <testcase classname="MyDateRange should pass validation when endDate is greater than startDate" name="MyDateRange should pass validation when endDate is greater than startDate" time="0.006">
    </testcase>
    <testcase classname="MyDateRange should fail validation when endDate same as startDate" name="MyDateRange should fail validation when endDate same as startDate" time="0.001">
    </testcase>
  </testsuite>
  <testsuite name="UserDrizzleRepository" errors="0" failures="0" skipped="0" timestamp="2024-11-02T15:38:29" time="3.66" tests="9">
    <testcase classname="UserDrizzleRepository should be defined" name="UserDrizzleRepository should be defined" time="0.01">
    </testcase>
    <testcase classname="UserDrizzleRepository getQuery should return a valid query with base response type" name="UserDrizzleRepository getQuery should return a valid query with base response type" time="0.006">
    </testcase>
    <testcase classname="UserDrizzleRepository getQuery should return a valid query with extended response type" name="UserDrizzleRepository getQuery should return a valid query with extended response type" time="0.003">
    </testcase>
    <testcase classname="UserDrizzleRepository getSingleQuery should return a valid single query with base response type" name="UserDrizzleRepository getSingleQuery should return a valid single query with base response type" time="0.004">
    </testcase>
    <testcase classname="UserDrizzleRepository getSingleQuery should return a valid single query with extended response type" name="UserDrizzleRepository getSingleQuery should return a valid single query with extended response type" time="0.003">
    </testcase>
    <testcase classname="UserDrizzleRepository should create a valid entity given a valid request" name="UserDrizzleRepository should create a valid entity given a valid request" time="0.005">
    </testcase>
    <testcase classname="UserDrizzleRepository should update a valid entity given a valid request" name="UserDrizzleRepository should update a valid entity given a valid request" time="0.003">
    </testcase>
    <testcase classname="UserDrizzleRepository should delete a valid entity given a valid id" name="UserDrizzleRepository should delete a valid entity given a valid id" time="0.001">
    </testcase>
    <testcase classname="UserDrizzleRepository should check if an entity exists given a valid id" name="UserDrizzleRepository should check if an entity exists given a valid id" time="0.002">
    </testcase>
  </testsuite>
  <testsuite name="UserRequestsDtos" errors="0" failures="0" skipped="0" timestamp="2024-11-02T15:38:29" time="3.757" tests="9">
    <testcase classname="UserRequestsDtos should fail validation of empty CreateUserRequest object" name="UserRequestsDtos should fail validation of empty CreateUserRequest object" time="0.006">
    </testcase>
    <testcase classname="UserRequestsDtos should fail validation of invalid CreateUserRequest object" name="UserRequestsDtos should fail validation of invalid CreateUserRequest object" time="0.001">
    </testcase>
    <testcase classname="UserRequestsDtos should pass validation of valid CreateUserRequest object" name="UserRequestsDtos should pass validation of valid CreateUserRequest object" time="0.002">
    </testcase>
    <testcase classname="UserRequestsDtos should fail validation of invalid UpdateUserInfo object" name="UserRequestsDtos should fail validation of invalid UpdateUserInfo object" time="0.001">
    </testcase>
    <testcase classname="UserRequestsDtos should pass validation of valid UpdateUserInfo object" name="UserRequestsDtos should pass validation of valid UpdateUserInfo object" time="0.001">
    </testcase>
    <testcase classname="UserRequestsDtos should pass validation of empty UserQuery object" name="UserRequestsDtos should pass validation of empty UserQuery object" time="0">
    </testcase>
    <testcase classname="UserRequestsDtos should fail validation of invalid UserQuery object" name="UserRequestsDtos should fail validation of invalid UserQuery object" time="0.001">
    </testcase>
    <testcase classname="UserRequestsDtos should pass validation of valid UserQuery object" name="UserRequestsDtos should pass validation of valid UserQuery object" time="0.002">
    </testcase>
    <testcase classname="UserRequestsDtos should fail validation of invalid CreateUserRequest object" name="UserRequestsDtos should fail validation of invalid CreateUserRequest object" time="0">
    </testcase>
  </testsuite>
  <testsuite name="BaseQuery" errors="0" failures="0" skipped="0" timestamp="2024-11-02T15:38:29" time="3.801" tests="5">
    <testcase classname="BaseQuery should pass validation of valid BaseQuery object" name="BaseQuery should pass validation of valid BaseQuery object" time="0.006">
    </testcase>
    <testcase classname="BaseQuery should fail validation of BaseQuery object with negative page number" name="BaseQuery should fail validation of BaseQuery object with negative page number" time="0.001">
    </testcase>
    <testcase classname="BaseQuery should fail validation of BaseQuery object with negative pageSize number" name="BaseQuery should fail validation of BaseQuery object with negative pageSize number" time="0">
    </testcase>
    <testcase classname="BaseQuery should fail validation of BaseQuery object with pageSize more than 100" name="BaseQuery should fail validation of BaseQuery object with pageSize more than 100" time="0.001">
    </testcase>
    <testcase classname="BaseQuery should fail validation of BaseQuery object with invalid order" name="BaseQuery should fail validation of BaseQuery object with invalid order" time="0">
    </testcase>
  </testsuite>
  <testsuite name="UsersService" errors="0" failures="0" skipped="0" timestamp="2024-11-02T15:38:29" time="3.926" tests="8">
    <testcase classname="UsersService should be defined" name="UsersService should be defined" time="0.011">
    </testcase>
    <testcase classname="UsersService should create a user" name="UsersService should create a user" time="0.053">
    </testcase>
    <testcase classname="UsersService should throw an unprocessable entity exception when creating a user fails" name="UsersService should throw an unprocessable entity exception when creating a user fails" time="0.049">
    </testcase>
    <testcase classname="UsersService should throw an error when creating a user with an existing email" name="UsersService should throw an error when creating a user with an existing email" time="0.044">
    </testcase>
    <testcase classname="UsersService should update a user" name="UsersService should update a user" time="0.002">
    </testcase>
    <testcase classname="UsersService should throw an error when updating a user with an existing email" name="UsersService should throw an error when updating a user with an existing email" time="0.002">
    </testcase>
    <testcase classname="UsersService should delete a user" name="UsersService should delete a user" time="0.001">
    </testcase>
    <testcase classname="UsersService should throw an error when deleting a user with a wrong id" name="UsersService should throw an error when deleting a user with a wrong id" time="0.001">
    </testcase>
  </testsuite>
  <testsuite name="EmailService" errors="0" failures="0" skipped="0" timestamp="2024-11-02T15:38:29" time="4.04" tests="9">
    <testcase classname="EmailService should throw an error if email credentials are not set" name="EmailService should throw an error if email credentials are not set" time="0.018">
    </testcase>
    <testcase classname="EmailService should generate Mailgun message data" name="EmailService should generate Mailgun message data" time="0.002">
    </testcase>
    <testcase classname="EmailService should return the correct template" name="EmailService should return the correct template" time="0.001">
    </testcase>
    <testcase classname="EmailService should throw an error if the template is not found" name="EmailService should throw an error if the template is not found" time="0.003">
    </testcase>
    <testcase classname="EmailService should validate the data correctly" name="EmailService should validate the data correctly" time="0.002">
    </testcase>
    <testcase classname="EmailService should render the template correctly" name="EmailService should render the template correctly" time="0.001">
    </testcase>
    <testcase classname="EmailService should return the rendered email" name="EmailService should return the rendered email" time="0.001">
    </testcase>
    <testcase classname="EmailService should send the email correctly" name="EmailService should send the email correctly" time="0.001">
    </testcase>
    <testcase classname="EmailService should throw an error if the email could not be sent" name="EmailService should throw an error if the email could not be sent" time="0.002">
    </testcase>
  </testsuite>
  <testsuite name="UsersController" errors="0" failures="0" skipped="0" timestamp="2024-11-02T15:38:29" time="4.06" tests="4">
    <testcase classname="UsersController should be defined" name="UsersController should be defined" time="0.011">
    </testcase>
    <testcase classname="UsersController should return a valid query" name="UsersController should return a valid query" time="0.004">
    </testcase>
    <testcase classname="UsersController should return a user" name="UsersController should return a user" time="0.001">
    </testcase>
    <testcase classname="UsersController should create a user" name="UsersController should create a user" time="0.002">
    </testcase>
  </testsuite>
</testsuites>